<?xml version="1.0" encoding="UTF-8"?>
<testsuite xmlns:xsi="http://www.w3.org/2001/XMLSchema-instance" xsi:noNamespaceSchemaLocation="https://maven.apache.org/surefire/maven-surefire-plugin/xsd/surefire-test-report.xsd" name="com.weather.brno.BrnoWeather.AppTest" time="0.066" tests="1" errors="0" skipped="0" failures="0">
  <properties>
    <property name="sun.desktop" value="windows"/>
    <property name="awt.toolkit" value="sun.awt.windows.WToolkit"/>
    <property name="file.encoding.pkg" value="sun.io"/>
    <property name="java.specification.version" value="1.8"/>
    <property name="sun.cpu.isalist" value="amd64"/>
    <property name="sun.jnu.encoding" value="Cp1252"/>
    <property name="java.class.path" value="C:\datos\WKS\WKS_IKERTU\BrnoWeather\target\test-classes;C:\datos\WKS\WKS_IKERTU\BrnoWeather\target\classes;C:\Users\developer\.m2\repository\junit\junit\4.11\junit-4.11.jar;C:\Users\developer\.m2\repository\org\hamcrest\hamcrest-core\1.3\hamcrest-core-1.3.jar;C:\Users\developer\.m2\repository\net\sourceforge\htmlunit\htmlunit\2.60.0\htmlunit-2.60.0.jar;C:\Users\developer\.m2\repository\xalan\xalan\2.7.2\xalan-2.7.2.jar;C:\Users\developer\.m2\repository\xalan\serializer\2.7.2\serializer-2.7.2.jar;C:\Users\developer\.m2\repository\org\apache\httpcomponents\httpmime\4.5.13\httpmime-4.5.13.jar;C:\Users\developer\.m2\repository\org\apache\httpcomponents\httpclient\4.5.13\httpclient-4.5.13.jar;C:\Users\developer\.m2\repository\org\apache\httpcomponents\httpcore\4.4.13\httpcore-4.4.13.jar;C:\Users\developer\.m2\repository\net\sourceforge\htmlunit\htmlunit-core-js\2.60.0\htmlunit-core-js-2.60.0.jar;C:\Users\developer\.m2\repository\net\sourceforge\htmlunit\neko-htmlunit\2.60.0\neko-htmlunit-2.60.0.jar;C:\Users\developer\.m2\repository\xerces\xercesImpl\2.12.2\xercesImpl-2.12.2.jar;C:\Users\developer\.m2\repository\xml-apis\xml-apis\1.4.01\xml-apis-1.4.01.jar;C:\Users\developer\.m2\repository\net\sourceforge\htmlunit\htmlunit-cssparser\1.11.0\htmlunit-cssparser-1.11.0.jar;C:\Users\developer\.m2\repository\org\apache\commons\commons-lang3\3.12.0\commons-lang3-3.12.0.jar;C:\Users\developer\.m2\repository\org\apache\commons\commons-text\1.9\commons-text-1.9.jar;C:\Users\developer\.m2\repository\commons-io\commons-io\2.10.0\commons-io-2.10.0.jar;C:\Users\developer\.m2\repository\commons-logging\commons-logging\1.2\commons-logging-1.2.jar;C:\Users\developer\.m2\repository\commons-net\commons-net\3.8.0\commons-net-3.8.0.jar;C:\Users\developer\.m2\repository\commons-codec\commons-codec\1.15\commons-codec-1.15.jar;C:\Users\developer\.m2\repository\org\brotli\dec\0.1.2\dec-0.1.2.jar;C:\Users\developer\.m2\repository\com\shapesecurity\salvation2\3.0.0\salvation2-3.0.0.jar;C:\Users\developer\.m2\repository\org\eclipse\jetty\websocket\websocket-client\9.4.45.v20220203\websocket-client-9.4.45.v20220203.jar;C:\Users\developer\.m2\repository\org\eclipse\jetty\jetty-client\9.4.45.v20220203\jetty-client-9.4.45.v20220203.jar;C:\Users\developer\.m2\repository\org\eclipse\jetty\jetty-http\9.4.45.v20220203\jetty-http-9.4.45.v20220203.jar;C:\Users\developer\.m2\repository\org\eclipse\jetty\jetty-util\9.4.45.v20220203\jetty-util-9.4.45.v20220203.jar;C:\Users\developer\.m2\repository\org\eclipse\jetty\jetty-io\9.4.45.v20220203\jetty-io-9.4.45.v20220203.jar;C:\Users\developer\.m2\repository\org\eclipse\jetty\websocket\websocket-common\9.4.45.v20220203\websocket-common-9.4.45.v20220203.jar;C:\Users\developer\.m2\repository\org\eclipse\jetty\websocket\websocket-api\9.4.45.v20220203\websocket-api-9.4.45.v20220203.jar;C:\Users\developer\.m2\repository\com\fasterxml\jackson\core\jackson-databind\2.13.2.1\jackson-databind-2.13.2.1.jar;C:\Users\developer\.m2\repository\com\fasterxml\jackson\core\jackson-annotations\2.13.2\jackson-annotations-2.13.2.jar;C:\Users\developer\.m2\repository\com\fasterxml\jackson\core\jackson-core\2.13.2\jackson-core-2.13.2.jar;"/>
    <property name="java.vm.vendor" value="Oracle Corporation"/>
    <property name="sun.arch.data.model" value="64"/>
    <property name="user.variant" value=""/>
    <property name="java.vendor.url" value="http://java.oracle.com/"/>
    <property name="user.timezone" value="Europe/Paris"/>
    <property name="java.vm.specification.version" value="1.8"/>
    <property name="os.name" value="Windows 10"/>
    <property name="user.country" value="US"/>
    <property name="sun.java.launcher" value="SUN_STANDARD"/>
    <property name="sun.boot.library.path" value="C:\Java\jdk1.8.0_281\jre\bin"/>
    <property name="sun.java.command" value="C:\Users\developer\AppData\Local\Temp\surefire8131985184822864219\surefirebooter497391120241228053.jar C:\Users\developer\AppData\Local\Temp\surefire8131985184822864219 2022-08-29T16-36-13_650-jvmRun1 surefire8269513605364410986tmp surefire_05777394263764967529tmp"/>
    <property name="surefire.test.class.path" value="C:\datos\WKS\WKS_IKERTU\BrnoWeather\target\test-classes;C:\datos\WKS\WKS_IKERTU\BrnoWeather\target\classes;C:\Users\developer\.m2\repository\junit\junit\4.11\junit-4.11.jar;C:\Users\developer\.m2\repository\org\hamcrest\hamcrest-core\1.3\hamcrest-core-1.3.jar;C:\Users\developer\.m2\repository\net\sourceforge\htmlunit\htmlunit\2.60.0\htmlunit-2.60.0.jar;C:\Users\developer\.m2\repository\xalan\xalan\2.7.2\xalan-2.7.2.jar;C:\Users\developer\.m2\repository\xalan\serializer\2.7.2\serializer-2.7.2.jar;C:\Users\developer\.m2\repository\org\apache\httpcomponents\httpmime\4.5.13\httpmime-4.5.13.jar;C:\Users\developer\.m2\repository\org\apache\httpcomponents\httpclient\4.5.13\httpclient-4.5.13.jar;C:\Users\developer\.m2\repository\org\apache\httpcomponents\httpcore\4.4.13\httpcore-4.4.13.jar;C:\Users\developer\.m2\repository\net\sourceforge\htmlunit\htmlunit-core-js\2.60.0\htmlunit-core-js-2.60.0.jar;C:\Users\developer\.m2\repository\net\sourceforge\htmlunit\neko-htmlunit\2.60.0\neko-htmlunit-2.60.0.jar;C:\Users\developer\.m2\repository\xerces\xercesImpl\2.12.2\xercesImpl-2.12.2.jar;C:\Users\developer\.m2\repository\xml-apis\xml-apis\1.4.01\xml-apis-1.4.01.jar;C:\Users\developer\.m2\repository\net\sourceforge\htmlunit\htmlunit-cssparser\1.11.0\htmlunit-cssparser-1.11.0.jar;C:\Users\developer\.m2\repository\org\apache\commons\commons-lang3\3.12.0\commons-lang3-3.12.0.jar;C:\Users\developer\.m2\repository\org\apache\commons\commons-text\1.9\commons-text-1.9.jar;C:\Users\developer\.m2\repository\commons-io\commons-io\2.10.0\commons-io-2.10.0.jar;C:\Users\developer\.m2\repository\commons-logging\commons-logging\1.2\commons-logging-1.2.jar;C:\Users\developer\.m2\repository\commons-net\commons-net\3.8.0\commons-net-3.8.0.jar;C:\Users\developer\.m2\repository\commons-codec\commons-codec\1.15\commons-codec-1.15.jar;C:\Users\developer\.m2\repository\org\brotli\dec\0.1.2\dec-0.1.2.jar;C:\Users\developer\.m2\repository\com\shapesecurity\salvation2\3.0.0\salvation2-3.0.0.jar;C:\Users\developer\.m2\repository\org\eclipse\jetty\websocket\websocket-client\9.4.45.v20220203\websocket-client-9.4.45.v20220203.jar;C:\Users\developer\.m2\repository\org\eclipse\jetty\jetty-client\9.4.45.v20220203\jetty-client-9.4.45.v20220203.jar;C:\Users\developer\.m2\repository\org\eclipse\jetty\jetty-http\9.4.45.v20220203\jetty-http-9.4.45.v20220203.jar;C:\Users\developer\.m2\repository\org\eclipse\jetty\jetty-util\9.4.45.v20220203\jetty-util-9.4.45.v20220203.jar;C:\Users\developer\.m2\repository\org\eclipse\jetty\jetty-io\9.4.45.v20220203\jetty-io-9.4.45.v20220203.jar;C:\Users\developer\.m2\repository\org\eclipse\jetty\websocket\websocket-common\9.4.45.v20220203\websocket-common-9.4.45.v20220203.jar;C:\Users\developer\.m2\repository\org\eclipse\jetty\websocket\websocket-api\9.4.45.v20220203\websocket-api-9.4.45.v20220203.jar;C:\Users\developer\.m2\repository\com\fasterxml\jackson\core\jackson-databind\2.13.2.1\jackson-databind-2.13.2.1.jar;C:\Users\developer\.m2\repository\com\fasterxml\jackson\core\jackson-annotations\2.13.2\jackson-annotations-2.13.2.jar;C:\Users\developer\.m2\repository\com\fasterxml\jackson\core\jackson-core\2.13.2\jackson-core-2.13.2.jar;"/>
    <property name="sun.cpu.endian" value="little"/>
    <property name="user.home" value="C:\Users\developer"/>
    <property name="user.language" value="en"/>
    <property name="java.specification.vendor" value="Oracle Corporation"/>
    <property name="java.home" value="C:\Java\jdk1.8.0_281\jre"/>
    <property name="basedir" value="C:\datos\WKS\WKS_IKERTU\BrnoWeather"/>
    <property name="file.separator" value="\"/>
    <property name="line.separator" value="&#10;"/>
    <property name="java.vm.specification.vendor" value="Oracle Corporation"/>
    <property name="java.specification.name" value="Java Platform API Specification"/>
    <property name="java.awt.graphicsenv" value="sun.awt.Win32GraphicsEnvironment"/>
    <property name="surefire.real.class.path" value="C:\Users\developer\AppData\Local\Temp\surefire8131985184822864219\surefirebooter497391120241228053.jar"/>
    <property name="sun.boot.class.path" value="C:\Java\jdk1.8.0_281\jre\lib\resources.jar;C:\Java\jdk1.8.0_281\jre\lib\rt.jar;C:\Java\jdk1.8.0_281\jre\lib\sunrsasign.jar;C:\Java\jdk1.8.0_281\jre\lib\jsse.jar;C:\Java\jdk1.8.0_281\jre\lib\jce.jar;C:\Java\jdk1.8.0_281\jre\lib\charsets.jar;C:\Java\jdk1.8.0_281\jre\lib\jfr.jar;C:\Java\jdk1.8.0_281\jre\classes"/>
    <property name="user.script" value=""/>
    <property name="sun.management.compiler" value="HotSpot 64-Bit Tiered Compilers"/>
    <property name="java.runtime.version" value="1.8.0_281-b09"/>
    <property name="user.name" value="developer"/>
    <property name="path.separator" value=";"/>
    <property name="os.version" value="10.0"/>
    <property name="java.endorsed.dirs" value="C:\Java\jdk1.8.0_281\jre\lib\endorsed"/>
    <property name="java.runtime.name" value="Java(TM) SE Runtime Environment"/>
    <property name="file.encoding" value="Cp1252"/>
    <property name="java.vm.name" value="Java HotSpot(TM) 64-Bit Server VM"/>
    <property name="localRepository" value="C:\Users\developer\.m2\repository"/>
    <property name="java.vendor.url.bug" value="http://bugreport.sun.com/bugreport/"/>
    <property name="java.io.tmpdir" value="C:\Users\developer\AppData\Local\Temp\"/>
    <property name="java.version" value="1.8.0_281"/>
    <property name="user.dir" value="C:\datos\WKS\WKS_IKERTU\BrnoWeather"/>
    <property name="os.arch" value="amd64"/>
    <property name="java.vm.specification.name" value="Java Virtual Machine Specification"/>
    <property name="java.awt.printerjob" value="sun.awt.windows.WPrinterJob"/>
    <property name="sun.os.patch.level" value=""/>
    <property name="java.library.path" value="C:\Java\jdk1.8.0_281\jre\bin;C:\windows\Sun\Java\bin;C:\windows\system32;C:\windows;C:/datos/software/eclipse//plugins/org.eclipse.justj.openjdk.hotspot.jre.full.win32.x86_64_15.0.1.v20201027-0507/jre/bin/server;C:/datos/software/eclipse//plugins/org.eclipse.justj.openjdk.hotspot.jre.full.win32.x86_64_15.0.1.v20201027-0507/jre/bin;C:\Python39\Scripts\;C:\Python39\;C:\oraclexe\app\oracle\product\11.2.0\server\bin;C:\Program Files (x86)\Common Files\Oracle\Java\javapath;C:\windows\system32;C:\windows;C:\windows\System32\Wbem;C:\windows\System32\WindowsPowerShell\v1.0\;C:\windows\System32\OpenSSH\;C:\Java\jdk1.8.0_281\bin;C:\datos\software\maven\apache-maven-3.6.3\bin;C:\Program Files\PuTTY\;C:\Program Files\TortoiseSVN\bin;C:\Program Files\nodejs\;C:\ProgramData\chocolatey\bin;C:\datos\software\gradle\gradle-7.0\bin;C:\Program Files (x86)\Pulse Secure\VC142.CRT\X64\;C:\Program Files (x86)\Pulse Secure\VC142.CRT\X86\;C:\Users\developer\AppData\Local\Microsoft\WindowsApps;C:\Users\developer\AppData\Local\Programs\Git\cmd;C:\Users\developer\AppData\Local\Programs\Microsoft VS Code\bin;C:\Users\developer\AppData\Roaming\npm;C:\datos\software\eclipse;;."/>
    <property name="java.vm.info" value="mixed mode"/>
    <property name="java.vendor" value="Oracle Corporation"/>
    <property name="java.vm.version" value="25.281-b09"/>
    <property name="java.ext.dirs" value="C:\Java\jdk1.8.0_281\jre\lib\ext;C:\windows\Sun\Java\lib\ext"/>
    <property name="sun.io.unicode.encoding" value="UnicodeLittle"/>
    <property name="java.class.version" value="52.0"/>
  </properties>
  <testcase name="shouldAnswerWithTrue" classname="com.weather.brno.BrnoWeather.AppTest" time="0.007"/>
</testsuite>